[     497ms] [ERROR] Failed to load resource: the server responded with a status of 501 (Unsupported method ('POST')) @ http://127.0.0.1:8011/api/aoi?action=bootstrap&packId=azenhas-do-mar:0
[     628ms] [WARNING] AOI session bootstrap failed Error: 501 Unsupported method ('POST'): <!DOCTYPE HTML>
<html lang="en">
    <head>
        <meta charset="utf-8">
        <style type="text/css">
            :root {
                color-scheme: light dark;
            }
        </style>
        <title>Error response</title>
    </head>
    <body>
        <h1>Error response</h1>
        <p>Error code: 501</p>
        <p>Message: Unsupported method ('POST').</p>
        <p>Error code explanation: 501 - Server does not support this operation.</p>
    </body>
</html>

    at apiJson (http://127.0.0.1:8011/aoi.js?v=2026-04-29-persistent-notes:250:11)
    at async bootstrapSession (http://127.0.0.1:8011/aoi.js?v=2026-04-29-persistent-notes:343:21) @ http://127.0.0.1:8011/aoi.js?v=2026-04-29-persistent-notes:381
